[2026-01-07 10:51:02] [INFO] [app] [UserManager] Requested OTP for email: yokeshashwinmsc@gmail.com
[2026-01-07 10:51:02] [INFO] [app] [EmailOtpService] OTP stored for yokeshashwinmsc@gmail.com
[2026-01-07 10:51:02] [INFO] [app] [UserManager] OTP queued for background sending to yokeshashwinmsc@gmail.com
[2026-01-07 10:51:06] [INFO] [app] [EmailClient] Email sent to yokeshashwinmsc@gmail.com
[2026-01-07 10:51:06] [INFO] [app] [EmailOtpService] Background OTP email sent â†’ yokeshashwinmsc@gmail.com
[2026-01-07 10:51:57] [INFO] [app] [UserManager] Verifying OTP for email: yokeshashwinmsc@gmail.com
[2026-01-07 10:51:57] [INFO] [app] [EmailOtpService] OTP verification for yokeshashwinmsc@gmail.com: True
[2026-01-07 10:51:57] [ERROR] [app.core.managers.sql_manager] [GET_BY_ATTRS] Error in User with filters {'email': 'yokeshashwinmsc@gmail.com'}: When initializing mapper Mapper[User(users)], expression 'UserProfile' failed to locate a name ('UserProfile'). If this is a class name, consider adding this relationship() to the <class 'app.modules.auth.models.user.User'> class after both dependent classes have been defined.
Traceback (most recent call last):
  File "D:\AI_career_studio_backend\exam_app\.venv\lib\site-packages\sqlalchemy\orm\clsregistry.py", line 516, in _resolve_name
    rval = d[token]
  File "D:\AI_career_studio_backend\exam_app\.venv\lib\site-packages\sqlalchemy\util\_collections.py", line 345, in __missing__
    self[key] = val = self.creator(key)
  File "D:\AI_career_studio_backend\exam_app\.venv\lib\site-packages\sqlalchemy\orm\clsregistry.py", line 484, in _access_cls
    return self.fallback[key]
KeyError: 'UserProfile'

The above exception was the direct cause of the following exception:

Traceback (most recent call last):
  File "D:\AI_career_studio_backend\exam_app\app\core\managers\sql_manager.py", line 81, in get_by_attrs
    result = await self.session.execute(stmt)
  File "D:\AI_career_studio_backend\exam_app\.venv\lib\site-packages\sqlalchemy\ext\asyncio\session.py", line 449, in execute
    result = await greenlet_spawn(
  File "D:\AI_career_studio_backend\exam_app\.venv\lib\site-packages\sqlalchemy\util\_concurrency_py3k.py", line 203, in greenlet_spawn
    result = context.switch(value)
  File "D:\AI_career_studio_backend\exam_app\.venv\lib\site-packages\sqlalchemy\orm\session.py", line 2351, in execute
    return self._execute_internal(
  File "D:\AI_career_studio_backend\exam_app\.venv\lib\site-packages\sqlalchemy\orm\session.py", line 2249, in _execute_internal
    result: Result[Any] = compile_state_cls.orm_execute_statement(
  File "D:\AI_career_studio_backend\exam_app\.venv\lib\site-packages\sqlalchemy\orm\context.py", line 306, in orm_execute_statement
    result = conn.execute(
  File "D:\AI_career_studio_backend\exam_app\.venv\lib\site-packages\sqlalchemy\engine\base.py", line 1419, in execute
    return meth(
  File "D:\AI_career_studio_backend\exam_app\.venv\lib\site-packages\sqlalchemy\sql\elements.py", line 527, in _execute_on_connection
    return connection._execute_clauseelement(
  File "D:\AI_career_studio_backend\exam_app\.venv\lib\site-packages\sqlalchemy\engine\base.py", line 1633, in _execute_clauseelement
    compiled_sql, extracted_params, cache_hit = elem._compile_w_cache(
  File "D:\AI_career_studio_backend\exam_app\.venv\lib\site-packages\sqlalchemy\sql\elements.py", line 716, in _compile_w_cache
    compiled_sql = self._compiler(
  File "D:\AI_career_studio_backend\exam_app\.venv\lib\site-packages\sqlalchemy\sql\elements.py", line 324, in _compiler
    return dialect.statement_compiler(dialect, self, **kw)
  File "D:\AI_career_studio_backend\exam_app\.venv\lib\site-packages\sqlalchemy\sql\compiler.py", line 1447, in __init__
    Compiled.__init__(self, dialect, statement, **kwargs)
  File "D:\AI_career_studio_backend\exam_app\.venv\lib\site-packages\sqlalchemy\sql\compiler.py", line 887, in __init__
    self.string = self.process(self.statement, **compile_kwargs)
  File "D:\AI_career_studio_backend\exam_app\.venv\lib\site-packages\sqlalchemy\sql\compiler.py", line 933, in process
    return obj._compiler_dispatch(self, **kwargs)
  File "D:\AI_career_studio_backend\exam_app\.venv\lib\site-packages\sqlalchemy\sql\visitors.py", line 138, in _compiler_dispatch
    return meth(self, **kw)  # type: ignore  # noqa: E501
  File "D:\AI_career_studio_backend\exam_app\.venv\lib\site-packages\sqlalchemy\sql\compiler.py", line 4782, in visit_select
    compile_state = select_stmt._compile_state_factory(
  File "D:\AI_career_studio_backend\exam_app\.venv\lib\site-packages\sqlalchemy\sql\base.py", line 701, in create_for_statement
    return klass.create_for_statement(statement, compiler, **kw)
  File "D:\AI_career_studio_backend\exam_app\.venv\lib\site-packages\sqlalchemy\orm\context.py", line 447, in create_for_statement
    return cls._create_orm_context(
  File "D:\AI_career_studio_backend\exam_app\.venv\lib\site-packages\sqlalchemy\orm\context.py", line 1175, in _create_orm_context
    _QueryEntity.to_compile_state(
  File "D:\AI_career_studio_backend\exam_app\.venv\lib\site-packages\sqlalchemy\orm\context.py", line 2628, in to_compile_state
    _MapperEntity(
  File "D:\AI_career_studio_backend\exam_app\.venv\lib\site-packages\sqlalchemy\orm\context.py", line 2708, in __init__
    entity._post_inspect
  File "D:\AI_career_studio_backend\exam_app\.venv\lib\site-packages\sqlalchemy\util\langhelpers.py", line 1338, in __get__
    obj.__dict__[self.__name__] = result = self.fget(obj)
  File "D:\AI_career_studio_backend\exam_app\.venv\lib\site-packages\sqlalchemy\orm\mapper.py", line 2733, in _post_inspect
    self._check_configure()
  File "D:\AI_career_studio_backend\exam_app\.venv\lib\site-packages\sqlalchemy\orm\mapper.py", line 2410, in _check_configure
    _configure_registries({self.registry}, cascade=True)
  File "D:\AI_career_studio_backend\exam_app\.venv\lib\site-packages\sqlalchemy\orm\mapper.py", line 4227, in _configure_registries
    _do_configure_registries(registries, cascade)
  File "D:\AI_career_studio_backend\exam_app\.venv\lib\site-packages\sqlalchemy\orm\mapper.py", line 4268, in _do_configure_registries
    mapper._post_configure_properties()
  File "D:\AI_career_studio_backend\exam_app\.venv\lib\site-packages\sqlalchemy\orm\mapper.py", line 2427, in _post_configure_properties
    prop.init()
  File "D:\AI_career_studio_backend\exam_app\.venv\lib\site-packages\sqlalchemy\orm\interfaces.py", line 595, in init
    self.do_init()
  File "D:\AI_career_studio_backend\exam_app\.venv\lib\site-packages\sqlalchemy\orm\relationships.py", line 1655, in do_init
    self._setup_entity()
  File "D:\AI_career_studio_backend\exam_app\.venv\lib\site-packages\sqlalchemy\orm\relationships.py", line 1865, in _setup_entity
    self._clsregistry_resolve_name(argument)(),
  File "D:\AI_career_studio_backend\exam_app\.venv\lib\site-packages\sqlalchemy\orm\clsregistry.py", line 520, in _resolve_name
    self._raise_for_name(name, err)
  File "D:\AI_career_studio_backend\exam_app\.venv\lib\site-packages\sqlalchemy\orm\clsregistry.py", line 501, in _raise_for_name
    raise exc.InvalidRequestError(
sqlalchemy.exc.InvalidRequestError: When initializing mapper Mapper[User(users)], expression 'UserProfile' failed to locate a name ('UserProfile'). If this is a class name, consider adding this relationship() to the <class 'app.modules.auth.models.user.User'> class after both dependent classes have been defined.
[2026-01-07 10:51:57] [ERROR] [app] [UserManager] verify_email_otp failed: When initializing mapper Mapper[User(users)], expression 'UserProfile' failed to locate a name ('UserProfile'). If this is a class name, consider adding this relationship() to the <class 'app.modules.auth.models.user.User'> class after both dependent classes have been defined.
Traceback (most recent call last):
  File "D:\AI_career_studio_backend\exam_app\.venv\lib\site-packages\sqlalchemy\orm\clsregistry.py", line 516, in _resolve_name
    rval = d[token]
  File "D:\AI_career_studio_backend\exam_app\.venv\lib\site-packages\sqlalchemy\util\_collections.py", line 345, in __missing__
    self[key] = val = self.creator(key)
  File "D:\AI_career_studio_backend\exam_app\.venv\lib\site-packages\sqlalchemy\orm\clsregistry.py", line 484, in _access_cls
    return self.fallback[key]
KeyError: 'UserProfile'

The above exception was the direct cause of the following exception:

Traceback (most recent call last):
  File "D:\AI_career_studio_backend\exam_app\app\modules\auth\managers\user_manager.py", line 109, in verify_email_otp
    user = await manager.get_by_attrs(email=email)
  File "D:\AI_career_studio_backend\exam_app\app\core\managers\sql_manager.py", line 81, in get_by_attrs
    result = await self.session.execute(stmt)
  File "D:\AI_career_studio_backend\exam_app\.venv\lib\site-packages\sqlalchemy\ext\asyncio\session.py", line 449, in execute
    result = await greenlet_spawn(
  File "D:\AI_career_studio_backend\exam_app\.venv\lib\site-packages\sqlalchemy\util\_concurrency_py3k.py", line 203, in greenlet_spawn
    result = context.switch(value)
  File "D:\AI_career_studio_backend\exam_app\.venv\lib\site-packages\sqlalchemy\orm\session.py", line 2351, in execute
    return self._execute_internal(
  File "D:\AI_career_studio_backend\exam_app\.venv\lib\site-packages\sqlalchemy\orm\session.py", line 2249, in _execute_internal
    result: Result[Any] = compile_state_cls.orm_execute_statement(
  File "D:\AI_career_studio_backend\exam_app\.venv\lib\site-packages\sqlalchemy\orm\context.py", line 306, in orm_execute_statement
    result = conn.execute(
  File "D:\AI_career_studio_backend\exam_app\.venv\lib\site-packages\sqlalchemy\engine\base.py", line 1419, in execute
    return meth(
  File "D:\AI_career_studio_backend\exam_app\.venv\lib\site-packages\sqlalchemy\sql\elements.py", line 527, in _execute_on_connection
    return connection._execute_clauseelement(
  File "D:\AI_career_studio_backend\exam_app\.venv\lib\site-packages\sqlalchemy\engine\base.py", line 1633, in _execute_clauseelement
    compiled_sql, extracted_params, cache_hit = elem._compile_w_cache(
  File "D:\AI_career_studio_backend\exam_app\.venv\lib\site-packages\sqlalchemy\sql\elements.py", line 716, in _compile_w_cache
    compiled_sql = self._compiler(
  File "D:\AI_career_studio_backend\exam_app\.venv\lib\site-packages\sqlalchemy\sql\elements.py", line 324, in _compiler
    return dialect.statement_compiler(dialect, self, **kw)
  File "D:\AI_career_studio_backend\exam_app\.venv\lib\site-packages\sqlalchemy\sql\compiler.py", line 1447, in __init__
    Compiled.__init__(self, dialect, statement, **kwargs)
  File "D:\AI_career_studio_backend\exam_app\.venv\lib\site-packages\sqlalchemy\sql\compiler.py", line 887, in __init__
    self.string = self.process(self.statement, **compile_kwargs)
  File "D:\AI_career_studio_backend\exam_app\.venv\lib\site-packages\sqlalchemy\sql\compiler.py", line 933, in process
    return obj._compiler_dispatch(self, **kwargs)
  File "D:\AI_career_studio_backend\exam_app\.venv\lib\site-packages\sqlalchemy\sql\visitors.py", line 138, in _compiler_dispatch
    return meth(self, **kw)  # type: ignore  # noqa: E501
  File "D:\AI_career_studio_backend\exam_app\.venv\lib\site-packages\sqlalchemy\sql\compiler.py", line 4782, in visit_select
    compile_state = select_stmt._compile_state_factory(
  File "D:\AI_career_studio_backend\exam_app\.venv\lib\site-packages\sqlalchemy\sql\base.py", line 701, in create_for_statement
    return klass.create_for_statement(statement, compiler, **kw)
  File "D:\AI_career_studio_backend\exam_app\.venv\lib\site-packages\sqlalchemy\orm\context.py", line 447, in create_for_statement
    return cls._create_orm_context(
  File "D:\AI_career_studio_backend\exam_app\.venv\lib\site-packages\sqlalchemy\orm\context.py", line 1175, in _create_orm_context
    _QueryEntity.to_compile_state(
  File "D:\AI_career_studio_backend\exam_app\.venv\lib\site-packages\sqlalchemy\orm\context.py", line 2628, in to_compile_state
    _MapperEntity(
  File "D:\AI_career_studio_backend\exam_app\.venv\lib\site-packages\sqlalchemy\orm\context.py", line 2708, in __init__
    entity._post_inspect
  File "D:\AI_career_studio_backend\exam_app\.venv\lib\site-packages\sqlalchemy\util\langhelpers.py", line 1338, in __get__
    obj.__dict__[self.__name__] = result = self.fget(obj)
  File "D:\AI_career_studio_backend\exam_app\.venv\lib\site-packages\sqlalchemy\orm\mapper.py", line 2733, in _post_inspect
    self._check_configure()
  File "D:\AI_career_studio_backend\exam_app\.venv\lib\site-packages\sqlalchemy\orm\mapper.py", line 2410, in _check_configure
    _configure_registries({self.registry}, cascade=True)
  File "D:\AI_career_studio_backend\exam_app\.venv\lib\site-packages\sqlalchemy\orm\mapper.py", line 4227, in _configure_registries
    _do_configure_registries(registries, cascade)
  File "D:\AI_career_studio_backend\exam_app\.venv\lib\site-packages\sqlalchemy\orm\mapper.py", line 4268, in _do_configure_registries
    mapper._post_configure_properties()
  File "D:\AI_career_studio_backend\exam_app\.venv\lib\site-packages\sqlalchemy\orm\mapper.py", line 2427, in _post_configure_properties
    prop.init()
  File "D:\AI_career_studio_backend\exam_app\.venv\lib\site-packages\sqlalchemy\orm\interfaces.py", line 595, in init
    self.do_init()
  File "D:\AI_career_studio_backend\exam_app\.venv\lib\site-packages\sqlalchemy\orm\relationships.py", line 1655, in do_init
    self._setup_entity()
  File "D:\AI_career_studio_backend\exam_app\.venv\lib\site-packages\sqlalchemy\orm\relationships.py", line 1865, in _setup_entity
    self._clsregistry_resolve_name(argument)(),
  File "D:\AI_career_studio_backend\exam_app\.venv\lib\site-packages\sqlalchemy\orm\clsregistry.py", line 520, in _resolve_name
    self._raise_for_name(name, err)
  File "D:\AI_career_studio_backend\exam_app\.venv\lib\site-packages\sqlalchemy\orm\clsregistry.py", line 501, in _raise_for_name
    raise exc.InvalidRequestError(
sqlalchemy.exc.InvalidRequestError: When initializing mapper Mapper[User(users)], expression 'UserProfile' failed to locate a name ('UserProfile'). If this is a class name, consider adding this relationship() to the <class 'app.modules.auth.models.user.User'> class after both dependent classes have been defined.
[2026-01-07 10:52:24] [INFO] [app] [UserManager] Verifying OTP for email: yokeshashwinmsc@gmail.com
[2026-01-07 10:52:24] [INFO] [app] [EmailOtpService] OTP verification for yokeshashwinmsc@gmail.com: False
[2026-01-07 10:52:24] [WARNING] [app] [UserManager] OTP invalid or expired for yokeshashwinmsc@gmail.com
[2026-01-07 10:52:30] [INFO] [app] [UserManager] Requested OTP for email: yokeshashwinmsc@gmail.com
[2026-01-07 10:52:30] [INFO] [app] [EmailOtpService] OTP stored for yokeshashwinmsc@gmail.com
[2026-01-07 10:52:30] [INFO] [app] [UserManager] OTP queued for background sending to yokeshashwinmsc@gmail.com
[2026-01-07 10:52:34] [INFO] [app] [EmailClient] Email sent to yokeshashwinmsc@gmail.com
[2026-01-07 10:52:34] [INFO] [app] [EmailOtpService] Background OTP email sent â†’ yokeshashwinmsc@gmail.com
[2026-01-07 10:52:55] [INFO] [app] [UserManager] Verifying OTP for email: yokeshashwinmsc@gmail.com
[2026-01-07 10:52:55] [INFO] [app] [EmailOtpService] OTP verification for yokeshashwinmsc@gmail.com: True
[2026-01-07 10:52:55] [ERROR] [app.core.managers.sql_manager] [GET_BY_ATTRS] Error in User with filters {'email': 'yokeshashwinmsc@gmail.com'}: One or more mappers failed to initialize - can't proceed with initialization of other mappers. Triggering mapper: 'Mapper[User(users)]'. Original exception was: When initializing mapper Mapper[User(users)], expression 'UserProfile' failed to locate a name ('UserProfile'). If this is a class name, consider adding this relationship() to the <class 'app.modules.auth.models.user.User'> class after both dependent classes have been defined.
Traceback (most recent call last):
  File "D:\AI_career_studio_backend\exam_app\app\core\managers\sql_manager.py", line 81, in get_by_attrs
    result = await self.session.execute(stmt)
  File "D:\AI_career_studio_backend\exam_app\.venv\lib\site-packages\sqlalchemy\ext\asyncio\session.py", line 449, in execute
    result = await greenlet_spawn(
  File "D:\AI_career_studio_backend\exam_app\.venv\lib\site-packages\sqlalchemy\util\_concurrency_py3k.py", line 203, in greenlet_spawn
    result = context.switch(value)
  File "D:\AI_career_studio_backend\exam_app\.venv\lib\site-packages\sqlalchemy\orm\session.py", line 2351, in execute
    return self._execute_internal(
  File "D:\AI_career_studio_backend\exam_app\.venv\lib\site-packages\sqlalchemy\orm\session.py", line 2249, in _execute_internal
    result: Result[Any] = compile_state_cls.orm_execute_statement(
  File "D:\AI_career_studio_backend\exam_app\.venv\lib\site-packages\sqlalchemy\orm\context.py", line 306, in orm_execute_statement
    result = conn.execute(
  File "D:\AI_career_studio_backend\exam_app\.venv\lib\site-packages\sqlalchemy\engine\base.py", line 1419, in execute
    return meth(
  File "D:\AI_career_studio_backend\exam_app\.venv\lib\site-packages\sqlalchemy\sql\elements.py", line 527, in _execute_on_connection
    return connection._execute_clauseelement(
  File "D:\AI_career_studio_backend\exam_app\.venv\lib\site-packages\sqlalchemy\engine\base.py", line 1633, in _execute_clauseelement
    compiled_sql, extracted_params, cache_hit = elem._compile_w_cache(
  File "D:\AI_career_studio_backend\exam_app\.venv\lib\site-packages\sqlalchemy\sql\elements.py", line 716, in _compile_w_cache
    compiled_sql = self._compiler(
  File "D:\AI_career_studio_backend\exam_app\.venv\lib\site-packages\sqlalchemy\sql\elements.py", line 324, in _compiler
    return dialect.statement_compiler(dialect, self, **kw)
  File "D:\AI_career_studio_backend\exam_app\.venv\lib\site-packages\sqlalchemy\sql\compiler.py", line 1447, in __init__
    Compiled.__init__(self, dialect, statement, **kwargs)
  File "D:\AI_career_studio_backend\exam_app\.venv\lib\site-packages\sqlalchemy\sql\compiler.py", line 887, in __init__
    self.string = self.process(self.statement, **compile_kwargs)
  File "D:\AI_career_studio_backend\exam_app\.venv\lib\site-packages\sqlalchemy\sql\compiler.py", line 933, in process
    return obj._compiler_dispatch(self, **kwargs)
  File "D:\AI_career_studio_backend\exam_app\.venv\lib\site-packages\sqlalchemy\sql\visitors.py", line 138, in _compiler_dispatch
    return meth(self, **kw)  # type: ignore  # noqa: E501
  File "D:\AI_career_studio_backend\exam_app\.venv\lib\site-packages\sqlalchemy\sql\compiler.py", line 4782, in visit_select
    compile_state = select_stmt._compile_state_factory(
  File "D:\AI_career_studio_backend\exam_app\.venv\lib\site-packages\sqlalchemy\sql\base.py", line 701, in create_for_statement
    return klass.create_for_statement(statement, compiler, **kw)
  File "D:\AI_career_studio_backend\exam_app\.venv\lib\site-packages\sqlalchemy\orm\context.py", line 447, in create_for_statement
    return cls._create_orm_context(
  File "D:\AI_career_studio_backend\exam_app\.venv\lib\site-packages\sqlalchemy\orm\context.py", line 1175, in _create_orm_context
    _QueryEntity.to_compile_state(
  File "D:\AI_career_studio_backend\exam_app\.venv\lib\site-packages\sqlalchemy\orm\context.py", line 2628, in to_compile_state
    _MapperEntity(
  File "D:\AI_career_studio_backend\exam_app\.venv\lib\site-packages\sqlalchemy\orm\context.py", line 2708, in __init__
    entity._post_inspect
  File "D:\AI_career_studio_backend\exam_app\.venv\lib\site-packages\sqlalchemy\util\langhelpers.py", line 1338, in __get__
    obj.__dict__[self.__name__] = result = self.fget(obj)
  File "D:\AI_career_studio_backend\exam_app\.venv\lib\site-packages\sqlalchemy\orm\mapper.py", line 2733, in _post_inspect
    self._check_configure()
  File "D:\AI_career_studio_backend\exam_app\.venv\lib\site-packages\sqlalchemy\orm\mapper.py", line 2410, in _check_configure
    _configure_registries({self.registry}, cascade=True)
  File "D:\AI_career_studio_backend\exam_app\.venv\lib\site-packages\sqlalchemy\orm\mapper.py", line 4227, in _configure_registries
    _do_configure_registries(registries, cascade)
  File "D:\AI_career_studio_backend\exam_app\.venv\lib\site-packages\sqlalchemy\orm\mapper.py", line 4264, in _do_configure_registries
    raise e
sqlalchemy.exc.InvalidRequestError: One or more mappers failed to initialize - can't proceed with initialization of other mappers. Triggering mapper: 'Mapper[User(users)]'. Original exception was: When initializing mapper Mapper[User(users)], expression 'UserProfile' failed to locate a name ('UserProfile'). If this is a class name, consider adding this relationship() to the <class 'app.modules.auth.models.user.User'> class after both dependent classes have been defined.
[2026-01-07 10:52:55] [ERROR] [app] [UserManager] verify_email_otp failed: One or more mappers failed to initialize - can't proceed with initialization of other mappers. Triggering mapper: 'Mapper[User(users)]'. Original exception was: When initializing mapper Mapper[User(users)], expression 'UserProfile' failed to locate a name ('UserProfile'). If this is a class name, consider adding this relationship() to the <class 'app.modules.auth.models.user.User'> class after both dependent classes have been defined.
Traceback (most recent call last):
  File "D:\AI_career_studio_backend\exam_app\app\modules\auth\managers\user_manager.py", line 109, in verify_email_otp
    user = await manager.get_by_attrs(email=email)
  File "D:\AI_career_studio_backend\exam_app\app\core\managers\sql_manager.py", line 81, in get_by_attrs
    result = await self.session.execute(stmt)
  File "D:\AI_career_studio_backend\exam_app\.venv\lib\site-packages\sqlalchemy\ext\asyncio\session.py", line 449, in execute
    result = await greenlet_spawn(
  File "D:\AI_career_studio_backend\exam_app\.venv\lib\site-packages\sqlalchemy\util\_concurrency_py3k.py", line 203, in greenlet_spawn
    result = context.switch(value)
  File "D:\AI_career_studio_backend\exam_app\.venv\lib\site-packages\sqlalchemy\orm\session.py", line 2351, in execute
    return self._execute_internal(
  File "D:\AI_career_studio_backend\exam_app\.venv\lib\site-packages\sqlalchemy\orm\session.py", line 2249, in _execute_internal
    result: Result[Any] = compile_state_cls.orm_execute_statement(
  File "D:\AI_career_studio_backend\exam_app\.venv\lib\site-packages\sqlalchemy\orm\context.py", line 306, in orm_execute_statement
    result = conn.execute(
  File "D:\AI_career_studio_backend\exam_app\.venv\lib\site-packages\sqlalchemy\engine\base.py", line 1419, in execute
    return meth(
  File "D:\AI_career_studio_backend\exam_app\.venv\lib\site-packages\sqlalchemy\sql\elements.py", line 527, in _execute_on_connection
    return connection._execute_clauseelement(
  File "D:\AI_career_studio_backend\exam_app\.venv\lib\site-packages\sqlalchemy\engine\base.py", line 1633, in _execute_clauseelement
    compiled_sql, extracted_params, cache_hit = elem._compile_w_cache(
  File "D:\AI_career_studio_backend\exam_app\.venv\lib\site-packages\sqlalchemy\sql\elements.py", line 716, in _compile_w_cache
    compiled_sql = self._compiler(
  File "D:\AI_career_studio_backend\exam_app\.venv\lib\site-packages\sqlalchemy\sql\elements.py", line 324, in _compiler
    return dialect.statement_compiler(dialect, self, **kw)
  File "D:\AI_career_studio_backend\exam_app\.venv\lib\site-packages\sqlalchemy\sql\compiler.py", line 1447, in __init__
    Compiled.__init__(self, dialect, statement, **kwargs)
  File "D:\AI_career_studio_backend\exam_app\.venv\lib\site-packages\sqlalchemy\sql\compiler.py", line 887, in __init__
    self.string = self.process(self.statement, **compile_kwargs)
  File "D:\AI_career_studio_backend\exam_app\.venv\lib\site-packages\sqlalchemy\sql\compiler.py", line 933, in process
    return obj._compiler_dispatch(self, **kwargs)
  File "D:\AI_career_studio_backend\exam_app\.venv\lib\site-packages\sqlalchemy\sql\visitors.py", line 138, in _compiler_dispatch
    return meth(self, **kw)  # type: ignore  # noqa: E501
  File "D:\AI_career_studio_backend\exam_app\.venv\lib\site-packages\sqlalchemy\sql\compiler.py", line 4782, in visit_select
    compile_state = select_stmt._compile_state_factory(
  File "D:\AI_career_studio_backend\exam_app\.venv\lib\site-packages\sqlalchemy\sql\base.py", line 701, in create_for_statement
    return klass.create_for_statement(statement, compiler, **kw)
  File "D:\AI_career_studio_backend\exam_app\.venv\lib\site-packages\sqlalchemy\orm\context.py", line 447, in create_for_statement
    return cls._create_orm_context(
  File "D:\AI_career_studio_backend\exam_app\.venv\lib\site-packages\sqlalchemy\orm\context.py", line 1175, in _create_orm_context
    _QueryEntity.to_compile_state(
  File "D:\AI_career_studio_backend\exam_app\.venv\lib\site-packages\sqlalchemy\orm\context.py", line 2628, in to_compile_state
    _MapperEntity(
  File "D:\AI_career_studio_backend\exam_app\.venv\lib\site-packages\sqlalchemy\orm\context.py", line 2708, in __init__
    entity._post_inspect
  File "D:\AI_career_studio_backend\exam_app\.venv\lib\site-packages\sqlalchemy\util\langhelpers.py", line 1338, in __get__
    obj.__dict__[self.__name__] = result = self.fget(obj)
  File "D:\AI_career_studio_backend\exam_app\.venv\lib\site-packages\sqlalchemy\orm\mapper.py", line 2733, in _post_inspect
    self._check_configure()
  File "D:\AI_career_studio_backend\exam_app\.venv\lib\site-packages\sqlalchemy\orm\mapper.py", line 2410, in _check_configure
    _configure_registries({self.registry}, cascade=True)
  File "D:\AI_career_studio_backend\exam_app\.venv\lib\site-packages\sqlalchemy\orm\mapper.py", line 4227, in _configure_registries
    _do_configure_registries(registries, cascade)
  File "D:\AI_career_studio_backend\exam_app\.venv\lib\site-packages\sqlalchemy\orm\mapper.py", line 4264, in _do_configure_registries
    raise e
sqlalchemy.exc.InvalidRequestError: One or more mappers failed to initialize - can't proceed with initialization of other mappers. Triggering mapper: 'Mapper[User(users)]'. Original exception was: When initializing mapper Mapper[User(users)], expression 'UserProfile' failed to locate a name ('UserProfile'). If this is a class name, consider adding this relationship() to the <class 'app.modules.auth.models.user.User'> class after both dependent classes have been defined.
[2026-01-07 10:52:59] [INFO] [app] [UserManager] Verifying OTP for email: yokeshashwinmsc@gmail.com
[2026-01-07 10:52:59] [INFO] [app] [EmailOtpService] OTP verification for yokeshashwinmsc@gmail.com: False
[2026-01-07 10:52:59] [WARNING] [app] [UserManager] OTP invalid or expired for yokeshashwinmsc@gmail.com
[2026-01-07 10:53:28] [INFO] [app] [UserManager] Verifying OTP for email: yokeshashwinmsc@gmail.com
[2026-01-07 10:53:28] [INFO] [app] [EmailOtpService] OTP verification for yokeshashwinmsc@gmail.com: False
[2026-01-07 10:53:28] [WARNING] [app] [UserManager] OTP invalid or expired for yokeshashwinmsc@gmail.com
[2026-01-07 11:15:57] [INFO] [app] [UserManager] Requested OTP for email: yokeshashwinmsc@gmail.com
[2026-01-07 11:15:57] [INFO] [app] [EmailOtpService] OTP stored for yokeshashwinmsc@gmail.com
[2026-01-07 11:15:57] [INFO] [app] [UserManager] OTP queued for background sending to yokeshashwinmsc@gmail.com
[2026-01-07 11:16:02] [INFO] [app] [EmailClient] Email sent to yokeshashwinmsc@gmail.com
[2026-01-07 11:16:02] [INFO] [app] [EmailOtpService] Background OTP email sent â†’ yokeshashwinmsc@gmail.com
[2026-01-07 11:17:40] [INFO] [app] [UserManager] Verifying OTP for email: yokeshashwinmsc@gmail.com
[2026-01-07 11:17:40] [INFO] [app] [EmailOtpService] OTP verification for yokeshashwinmsc@gmail.com: True
[2026-01-07 11:17:40] [ERROR] [app.core.managers.sql_manager] [GET_BY_ATTRS] Error in User with filters {'email': 'yokeshashwinmsc@gmail.com'}: When initializing mapper Mapper[User(users)], expression 'UserProfile' failed to locate a name ('UserProfile'). If this is a class name, consider adding this relationship() to the <class 'app.modules.auth.models.user.User'> class after both dependent classes have been defined.
Traceback (most recent call last):
  File "D:\AI_career_studio_backend\exam_app\.venv\lib\site-packages\sqlalchemy\orm\clsregistry.py", line 516, in _resolve_name
    rval = d[token]
  File "D:\AI_career_studio_backend\exam_app\.venv\lib\site-packages\sqlalchemy\util\_collections.py", line 345, in __missing__
    self[key] = val = self.creator(key)
  File "D:\AI_career_studio_backend\exam_app\.venv\lib\site-packages\sqlalchemy\orm\clsregistry.py", line 484, in _access_cls
    return self.fallback[key]
KeyError: 'UserProfile'

The above exception was the direct cause of the following exception:

Traceback (most recent call last):
  File "D:\AI_career_studio_backend\exam_app\app\core\managers\sql_manager.py", line 81, in get_by_attrs
    result = await self.session.execute(stmt)
  File "D:\AI_career_studio_backend\exam_app\.venv\lib\site-packages\sqlalchemy\ext\asyncio\session.py", line 449, in execute
    result = await greenlet_spawn(
  File "D:\AI_career_studio_backend\exam_app\.venv\lib\site-packages\sqlalchemy\util\_concurrency_py3k.py", line 203, in greenlet_spawn
    result = context.switch(value)
  File "D:\AI_career_studio_backend\exam_app\.venv\lib\site-packages\sqlalchemy\orm\session.py", line 2351, in execute
    return self._execute_internal(
  File "D:\AI_career_studio_backend\exam_app\.venv\lib\site-packages\sqlalchemy\orm\session.py", line 2249, in _execute_internal
    result: Result[Any] = compile_state_cls.orm_execute_statement(
  File "D:\AI_career_studio_backend\exam_app\.venv\lib\site-packages\sqlalchemy\orm\context.py", line 306, in orm_execute_statement
    result = conn.execute(
  File "D:\AI_career_studio_backend\exam_app\.venv\lib\site-packages\sqlalchemy\engine\base.py", line 1419, in execute
    return meth(
  File "D:\AI_career_studio_backend\exam_app\.venv\lib\site-packages\sqlalchemy\sql\elements.py", line 527, in _execute_on_connection
    return connection._execute_clauseelement(
  File "D:\AI_career_studio_backend\exam_app\.venv\lib\site-packages\sqlalchemy\engine\base.py", line 1633, in _execute_clauseelement
    compiled_sql, extracted_params, cache_hit = elem._compile_w_cache(
  File "D:\AI_career_studio_backend\exam_app\.venv\lib\site-packages\sqlalchemy\sql\elements.py", line 716, in _compile_w_cache
    compiled_sql = self._compiler(
  File "D:\AI_career_studio_backend\exam_app\.venv\lib\site-packages\sqlalchemy\sql\elements.py", line 324, in _compiler
    return dialect.statement_compiler(dialect, self, **kw)
  File "D:\AI_career_studio_backend\exam_app\.venv\lib\site-packages\sqlalchemy\sql\compiler.py", line 1447, in __init__
    Compiled.__init__(self, dialect, statement, **kwargs)
  File "D:\AI_career_studio_backend\exam_app\.venv\lib\site-packages\sqlalchemy\sql\compiler.py", line 887, in __init__
    self.string = self.process(self.statement, **compile_kwargs)
  File "D:\AI_career_studio_backend\exam_app\.venv\lib\site-packages\sqlalchemy\sql\compiler.py", line 933, in process
    return obj._compiler_dispatch(self, **kwargs)
  File "D:\AI_career_studio_backend\exam_app\.venv\lib\site-packages\sqlalchemy\sql\visitors.py", line 138, in _compiler_dispatch
    return meth(self, **kw)  # type: ignore  # noqa: E501
  File "D:\AI_career_studio_backend\exam_app\.venv\lib\site-packages\sqlalchemy\sql\compiler.py", line 4782, in visit_select
    compile_state = select_stmt._compile_state_factory(
  File "D:\AI_career_studio_backend\exam_app\.venv\lib\site-packages\sqlalchemy\sql\base.py", line 701, in create_for_statement
    return klass.create_for_statement(statement, compiler, **kw)
  File "D:\AI_career_studio_backend\exam_app\.venv\lib\site-packages\sqlalchemy\orm\context.py", line 447, in create_for_statement
    return cls._create_orm_context(
  File "D:\AI_career_studio_backend\exam_app\.venv\lib\site-packages\sqlalchemy\orm\context.py", line 1175, in _create_orm_context
    _QueryEntity.to_compile_state(
  File "D:\AI_career_studio_backend\exam_app\.venv\lib\site-packages\sqlalchemy\orm\context.py", line 2628, in to_compile_state
    _MapperEntity(
  File "D:\AI_career_studio_backend\exam_app\.venv\lib\site-packages\sqlalchemy\orm\context.py", line 2708, in __init__
    entity._post_inspect
  File "D:\AI_career_studio_backend\exam_app\.venv\lib\site-packages\sqlalchemy\util\langhelpers.py", line 1338, in __get__
    obj.__dict__[self.__name__] = result = self.fget(obj)
  File "D:\AI_career_studio_backend\exam_app\.venv\lib\site-packages\sqlalchemy\orm\mapper.py", line 2733, in _post_inspect
    self._check_configure()
  File "D:\AI_career_studio_backend\exam_app\.venv\lib\site-packages\sqlalchemy\orm\mapper.py", line 2410, in _check_configure
    _configure_registries({self.registry}, cascade=True)
  File "D:\AI_career_studio_backend\exam_app\.venv\lib\site-packages\sqlalchemy\orm\mapper.py", line 4227, in _configure_registries
    _do_configure_registries(registries, cascade)
  File "D:\AI_career_studio_backend\exam_app\.venv\lib\site-packages\sqlalchemy\orm\mapper.py", line 4268, in _do_configure_registries
    mapper._post_configure_properties()
  File "D:\AI_career_studio_backend\exam_app\.venv\lib\site-packages\sqlalchemy\orm\mapper.py", line 2427, in _post_configure_properties
    prop.init()
  File "D:\AI_career_studio_backend\exam_app\.venv\lib\site-packages\sqlalchemy\orm\interfaces.py", line 595, in init
    self.do_init()
  File "D:\AI_career_studio_backend\exam_app\.venv\lib\site-packages\sqlalchemy\orm\relationships.py", line 1655, in do_init
    self._setup_entity()
  File "D:\AI_career_studio_backend\exam_app\.venv\lib\site-packages\sqlalchemy\orm\relationships.py", line 1865, in _setup_entity
    self._clsregistry_resolve_name(argument)(),
  File "D:\AI_career_studio_backend\exam_app\.venv\lib\site-packages\sqlalchemy\orm\clsregistry.py", line 520, in _resolve_name
    self._raise_for_name(name, err)
  File "D:\AI_career_studio_backend\exam_app\.venv\lib\site-packages\sqlalchemy\orm\clsregistry.py", line 501, in _raise_for_name
    raise exc.InvalidRequestError(
sqlalchemy.exc.InvalidRequestError: When initializing mapper Mapper[User(users)], expression 'UserProfile' failed to locate a name ('UserProfile'). If this is a class name, consider adding this relationship() to the <class 'app.modules.auth.models.user.User'> class after both dependent classes have been defined.
[2026-01-07 11:17:40] [ERROR] [app] [UserManager] verify_email_otp failed: When initializing mapper Mapper[User(users)], expression 'UserProfile' failed to locate a name ('UserProfile'). If this is a class name, consider adding this relationship() to the <class 'app.modules.auth.models.user.User'> class after both dependent classes have been defined.
Traceback (most recent call last):
  File "D:\AI_career_studio_backend\exam_app\.venv\lib\site-packages\sqlalchemy\orm\clsregistry.py", line 516, in _resolve_name
    rval = d[token]
  File "D:\AI_career_studio_backend\exam_app\.venv\lib\site-packages\sqlalchemy\util\_collections.py", line 345, in __missing__
    self[key] = val = self.creator(key)
  File "D:\AI_career_studio_backend\exam_app\.venv\lib\site-packages\sqlalchemy\orm\clsregistry.py", line 484, in _access_cls
    return self.fallback[key]
KeyError: 'UserProfile'

The above exception was the direct cause of the following exception:

Traceback (most recent call last):
  File "D:\AI_career_studio_backend\exam_app\app\modules\auth\managers\user_manager.py", line 109, in verify_email_otp
    user = await manager.get_by_attrs(email=email)
  File "D:\AI_career_studio_backend\exam_app\app\core\managers\sql_manager.py", line 81, in get_by_attrs
    result = await self.session.execute(stmt)
  File "D:\AI_career_studio_backend\exam_app\.venv\lib\site-packages\sqlalchemy\ext\asyncio\session.py", line 449, in execute
    result = await greenlet_spawn(
  File "D:\AI_career_studio_backend\exam_app\.venv\lib\site-packages\sqlalchemy\util\_concurrency_py3k.py", line 203, in greenlet_spawn
    result = context.switch(value)
  File "D:\AI_career_studio_backend\exam_app\.venv\lib\site-packages\sqlalchemy\orm\session.py", line 2351, in execute
    return self._execute_internal(
  File "D:\AI_career_studio_backend\exam_app\.venv\lib\site-packages\sqlalchemy\orm\session.py", line 2249, in _execute_internal
    result: Result[Any] = compile_state_cls.orm_execute_statement(
  File "D:\AI_career_studio_backend\exam_app\.venv\lib\site-packages\sqlalchemy\orm\context.py", line 306, in orm_execute_statement
    result = conn.execute(
  File "D:\AI_career_studio_backend\exam_app\.venv\lib\site-packages\sqlalchemy\engine\base.py", line 1419, in execute
    return meth(
  File "D:\AI_career_studio_backend\exam_app\.venv\lib\site-packages\sqlalchemy\sql\elements.py", line 527, in _execute_on_connection
    return connection._execute_clauseelement(
  File "D:\AI_career_studio_backend\exam_app\.venv\lib\site-packages\sqlalchemy\engine\base.py", line 1633, in _execute_clauseelement
    compiled_sql, extracted_params, cache_hit = elem._compile_w_cache(
  File "D:\AI_career_studio_backend\exam_app\.venv\lib\site-packages\sqlalchemy\sql\elements.py", line 716, in _compile_w_cache
    compiled_sql = self._compiler(
  File "D:\AI_career_studio_backend\exam_app\.venv\lib\site-packages\sqlalchemy\sql\elements.py", line 324, in _compiler
    return dialect.statement_compiler(dialect, self, **kw)
  File "D:\AI_career_studio_backend\exam_app\.venv\lib\site-packages\sqlalchemy\sql\compiler.py", line 1447, in __init__
    Compiled.__init__(self, dialect, statement, **kwargs)
  File "D:\AI_career_studio_backend\exam_app\.venv\lib\site-packages\sqlalchemy\sql\compiler.py", line 887, in __init__
    self.string = self.process(self.statement, **compile_kwargs)
  File "D:\AI_career_studio_backend\exam_app\.venv\lib\site-packages\sqlalchemy\sql\compiler.py", line 933, in process
    return obj._compiler_dispatch(self, **kwargs)
  File "D:\AI_career_studio_backend\exam_app\.venv\lib\site-packages\sqlalchemy\sql\visitors.py", line 138, in _compiler_dispatch
    return meth(self, **kw)  # type: ignore  # noqa: E501
  File "D:\AI_career_studio_backend\exam_app\.venv\lib\site-packages\sqlalchemy\sql\compiler.py", line 4782, in visit_select
    compile_state = select_stmt._compile_state_factory(
  File "D:\AI_career_studio_backend\exam_app\.venv\lib\site-packages\sqlalchemy\sql\base.py", line 701, in create_for_statement
    return klass.create_for_statement(statement, compiler, **kw)
  File "D:\AI_career_studio_backend\exam_app\.venv\lib\site-packages\sqlalchemy\orm\context.py", line 447, in create_for_statement
    return cls._create_orm_context(
  File "D:\AI_career_studio_backend\exam_app\.venv\lib\site-packages\sqlalchemy\orm\context.py", line 1175, in _create_orm_context
    _QueryEntity.to_compile_state(
  File "D:\AI_career_studio_backend\exam_app\.venv\lib\site-packages\sqlalchemy\orm\context.py", line 2628, in to_compile_state
    _MapperEntity(
  File "D:\AI_career_studio_backend\exam_app\.venv\lib\site-packages\sqlalchemy\orm\context.py", line 2708, in __init__
    entity._post_inspect
  File "D:\AI_career_studio_backend\exam_app\.venv\lib\site-packages\sqlalchemy\util\langhelpers.py", line 1338, in __get__
    obj.__dict__[self.__name__] = result = self.fget(obj)
  File "D:\AI_career_studio_backend\exam_app\.venv\lib\site-packages\sqlalchemy\orm\mapper.py", line 2733, in _post_inspect
    self._check_configure()
  File "D:\AI_career_studio_backend\exam_app\.venv\lib\site-packages\sqlalchemy\orm\mapper.py", line 2410, in _check_configure
    _configure_registries({self.registry}, cascade=True)
  File "D:\AI_career_studio_backend\exam_app\.venv\lib\site-packages\sqlalchemy\orm\mapper.py", line 4227, in _configure_registries
    _do_configure_registries(registries, cascade)
  File "D:\AI_career_studio_backend\exam_app\.venv\lib\site-packages\sqlalchemy\orm\mapper.py", line 4268, in _do_configure_registries
    mapper._post_configure_properties()
  File "D:\AI_career_studio_backend\exam_app\.venv\lib\site-packages\sqlalchemy\orm\mapper.py", line 2427, in _post_configure_properties
    prop.init()
  File "D:\AI_career_studio_backend\exam_app\.venv\lib\site-packages\sqlalchemy\orm\interfaces.py", line 595, in init
    self.do_init()
  File "D:\AI_career_studio_backend\exam_app\.venv\lib\site-packages\sqlalchemy\orm\relationships.py", line 1655, in do_init
    self._setup_entity()
  File "D:\AI_career_studio_backend\exam_app\.venv\lib\site-packages\sqlalchemy\orm\relationships.py", line 1865, in _setup_entity
    self._clsregistry_resolve_name(argument)(),
  File "D:\AI_career_studio_backend\exam_app\.venv\lib\site-packages\sqlalchemy\orm\clsregistry.py", line 520, in _resolve_name
    self._raise_for_name(name, err)
  File "D:\AI_career_studio_backend\exam_app\.venv\lib\site-packages\sqlalchemy\orm\clsregistry.py", line 501, in _raise_for_name
    raise exc.InvalidRequestError(
sqlalchemy.exc.InvalidRequestError: When initializing mapper Mapper[User(users)], expression 'UserProfile' failed to locate a name ('UserProfile'). If this is a class name, consider adding this relationship() to the <class 'app.modules.auth.models.user.User'> class after both dependent classes have been defined.
[2026-01-07 11:21:53] [INFO] [app.core.startup] ðŸš€ Starting application...
[2026-01-07 11:21:53] [INFO] [app.core.startup] Initializing models...
[2026-01-07 11:21:53] [INFO] [app.core.startup] Model initialized: User
[2026-01-07 11:21:53] [INFO] [app.core.startup] Including routers...
[2026-01-07 11:21:53] [INFO] [app.core.startup] Router included: app.modules.auth.routers.auth_router
[2026-01-07 11:21:53] [INFO] [app.core.startup] ðŸŽ‰ Startup complete!
[2026-01-07 11:22:30] [INFO] [app.core.startup] ðŸš€ Starting application...
[2026-01-07 11:22:30] [INFO] [app.core.startup] Initializing models...
[2026-01-07 11:22:30] [INFO] [app.core.startup] Model initialized: User
[2026-01-07 11:22:30] [INFO] [app.core.startup] Including routers...
[2026-01-07 11:22:30] [INFO] [app.core.startup] Router included: app.modules.auth.routers.auth_router
[2026-01-07 11:22:30] [INFO] [app.core.startup] ðŸŽ‰ Startup complete!
[2026-01-07 11:30:03] [INFO] [app] [UserManager] Requested OTP for email: yokeshashwinmsc@gmail.com
[2026-01-07 11:30:03] [INFO] [app] [EmailOtpService] OTP stored for yokeshashwinmsc@gmail.com
[2026-01-07 11:30:03] [INFO] [app] [UserManager] OTP queued for background sending to yokeshashwinmsc@gmail.com
[2026-01-07 11:30:07] [INFO] [app] [EmailClient] Email sent to yokeshashwinmsc@gmail.com
[2026-01-07 11:30:07] [INFO] [app] [EmailOtpService] Background OTP email sent â†’ yokeshashwinmsc@gmail.com
[2026-01-07 11:30:45] [INFO] [app] [UserManager] Verifying OTP for email: yokeshashwinmsc@gmail.com
[2026-01-07 11:30:45] [INFO] [app] [EmailOtpService] OTP verification for yokeshashwinmsc@gmail.com: True
[2026-01-07 11:30:45] [INFO] [app] [UserManager] Creating new user for yokeshashwinmsc@gmail.com
[2026-01-07 11:30:45] [INFO] [app] [UserManager] OTP verified successfully for yokeshashwinmsc@gmail.com
[2026-01-07 11:30:55] [INFO] [app] [UserManager] Listing users (role=None)
[2026-01-07 11:49:14] [INFO] [app.core.startup] ðŸš€ Starting application...
[2026-01-07 11:49:14] [INFO] [app.core.startup] Initializing models...
[2026-01-07 11:49:14] [INFO] [app.core.startup] Model initialized: User
[2026-01-07 11:49:14] [INFO] [app.core.startup] Including routers...
[2026-01-07 11:49:14] [INFO] [app.core.startup] Router included: app.modules.auth.routers.auth_router
[2026-01-07 11:49:14] [INFO] [app.core.startup] ðŸŽ‰ Startup complete!
[2026-01-07 11:50:51] [INFO] [app.core.startup] Router included: app.modules.auth.routers.auth_router
[2026-01-07 11:50:51] [INFO] [app.core.startup] ðŸŽ‰ Startup complete!
[2026-01-07 11:56:06] [INFO] [app.core.startup] Router included: app.modules.auth.routers.auth_router
[2026-01-07 11:56:06] [INFO] [app.core.startup] Router included: app.modules.exams.routers.exams
[2026-01-07 11:56:06] [INFO] [app.core.startup] ðŸŽ‰ Startup complete!
[2026-01-07 11:56:56] [INFO] [app.core.startup] Router included: app.modules.auth.routers.auth_router
[2026-01-07 11:56:56] [INFO] [app.core.startup] Router included: app.modules.exams.routers.exams
[2026-01-07 11:56:56] [INFO] [app.core.startup] Router included: app.modules.exams.routers.upload
[2026-01-07 11:56:56] [INFO] [app.core.startup] ðŸŽ‰ Startup complete!
[2026-01-07 11:57:50] [INFO] [app] [UserManager] Listing users (role=None)
[2026-01-07 12:21:15] [INFO] [app.core.startup] Router included: app.modules.auth.routers.auth_router
[2026-01-07 12:21:15] [INFO] [app.core.startup] Router included: app.modules.exams.routers.exams
[2026-01-07 12:21:15] [INFO] [app.core.startup] Router included: app.modules.exams.routers.upload
[2026-01-07 12:21:15] [INFO] [app.core.startup] ðŸŽ‰ Startup complete!
[2026-01-07 12:31:51] [INFO] [app.core.startup] Router included: app.modules.auth.routers.auth_router
[2026-01-07 12:31:51] [INFO] [app.core.startup] Router included: app.modules.exams.routers.exams
[2026-01-07 12:31:51] [INFO] [app.core.startup] Router included: app.modules.exams.routers.upload
[2026-01-07 12:31:51] [INFO] [app.core.startup] ðŸŽ‰ Startup complete!
[2026-01-07 12:47:09] [INFO] [app.core.startup] Router included: app.modules.auth.routers.auth_router
[2026-01-07 12:47:09] [INFO] [app.core.startup] Router included: app.modules.exams.routers.exams
[2026-01-07 12:47:09] [INFO] [app.core.startup] Router included: app.modules.exams.routers.upload
[2026-01-07 12:47:09] [INFO] [app.core.startup] ðŸŽ‰ Startup complete!
[2026-01-07 12:49:51] [INFO] [app.core.startup] Router included: app.modules.auth.routers.auth_router
[2026-01-07 12:49:51] [INFO] [app.core.startup] Router included: app.modules.exams.routers.exams
[2026-01-07 12:49:51] [INFO] [app.core.startup] Router included: app.modules.exams.routers.upload
[2026-01-07 12:49:51] [INFO] [app.core.startup] ðŸŽ‰ Startup complete!
[2026-01-07 13:13:30] [INFO] [app.core.startup] Router included: app.modules.auth.routers.auth_router
[2026-01-07 13:13:30] [INFO] [app.core.startup] Router included: app.modules.exams.routers.exams
[2026-01-07 13:13:30] [INFO] [app.core.startup] Router included: app.modules.exams.routers.upload
[2026-01-07 13:13:30] [INFO] [app.core.startup] ðŸŽ‰ Startup complete!
[2026-01-07 13:20:46] [INFO] [app.core.startup] Router included: app.modules.auth.routers.auth_router
[2026-01-07 13:20:46] [INFO] [app.core.startup] Router included: app.modules.exams.routers.exams
[2026-01-07 13:20:46] [INFO] [app.core.startup] Router included: app.modules.exams.routers.upload
[2026-01-07 13:20:46] [INFO] [app.core.startup] ðŸŽ‰ Startup complete!
[2026-01-07 13:25:20] [INFO] [app] [UserManager] Listing users (role=None)
[2026-01-07 13:29:24] [INFO] [app] [UserManager] Listing users (role=None)
[2026-01-07 13:29:27] [INFO] [app] [UserManager] Listing users (role=None)
[2026-01-07 13:29:39] [INFO] [app] [UserManager] Fetching user by ID: 1
[2026-01-07 16:17:09] [INFO] [app.core.startup] Router included: app.modules.auth.routers.auth_router
[2026-01-07 16:17:09] [INFO] [app.core.startup] Router included: app.modules.exams.routers.analyzer
[2026-01-07 16:17:09] [INFO] [app.core.startup] Router included: app.modules.exams.routers.exams
[2026-01-07 16:17:09] [INFO] [app.core.startup] Router included: app.modules.exams.routers.upload
[2026-01-07 16:17:09] [INFO] [app.core.startup] ðŸŽ‰ Startup complete!
[2026-01-07 16:21:24] [INFO] [app.core.startup] Router included: app.modules.auth.routers.auth_router
[2026-01-07 16:21:24] [INFO] [app.core.startup] Router included: app.modules.exams.routers.analyzer
[2026-01-07 16:21:24] [INFO] [app.core.startup] Router included: app.modules.exams.routers.exams
[2026-01-07 16:21:24] [INFO] [app.core.startup] Router included: app.modules.exams.routers.upload
[2026-01-07 16:21:24] [INFO] [app.core.startup] ðŸŽ‰ Startup complete!
[2026-01-07 16:28:42] [INFO] [app.core.startup] Router included: app.modules.auth.routers.auth_router
[2026-01-07 16:28:42] [INFO] [app.core.startup] Router included: app.modules.exams.routers.analyzer
[2026-01-07 16:28:42] [INFO] [app.core.startup] Router included: app.modules.exams.routers.exams
[2026-01-07 16:28:42] [INFO] [app.core.startup] Router included: app.modules.exams.routers.upload
[2026-01-07 16:28:42] [INFO] [app.core.startup] ðŸŽ‰ Startup complete!
[2026-01-07 16:32:52] [INFO] [app.core.startup] Router included: app.modules.auth.routers.auth_router
[2026-01-07 16:32:52] [INFO] [app.core.startup] Router included: app.modules.exams.routers.analyzer
[2026-01-07 16:32:52] [INFO] [app.core.startup] Router included: app.modules.exams.routers.exams
[2026-01-07 16:32:52] [INFO] [app.core.startup] Router included: app.modules.exams.routers.upload
[2026-01-07 16:32:52] [INFO] [app.core.startup] ðŸŽ‰ Startup complete!
[2026-01-07 16:34:54] [INFO] [app.core.startup] Router included: app.modules.auth.routers.auth_router
[2026-01-07 16:34:54] [INFO] [app.core.startup] Router included: app.modules.exams.routers.analyzer
[2026-01-07 16:34:54] [INFO] [app.core.startup] Router included: app.modules.exams.routers.exams
[2026-01-07 16:34:54] [INFO] [app.core.startup] Router included: app.modules.exams.routers.upload
[2026-01-07 16:34:54] [INFO] [app.core.startup] ðŸŽ‰ Startup complete!
[2026-01-07 16:48:47] [INFO] [app.core.startup] Router included: app.modules.auth.routers.auth_router
[2026-01-07 16:48:47] [INFO] [app.core.startup] Router included: app.modules.exams.routers.analyzer
[2026-01-07 16:48:47] [INFO] [app.core.startup] Router included: app.modules.exams.routers.exams
[2026-01-07 16:48:47] [INFO] [app.core.startup] Router included: app.modules.exams.routers.upload
[2026-01-07 16:48:47] [INFO] [app.core.startup] ðŸŽ‰ Startup complete!
[2026-01-07 17:47:14] [INFO] [app.core.startup] Router included: app.modules.auth.routers.auth_router
[2026-01-07 17:47:14] [INFO] [app.core.startup] Router included: app.modules.exams.routers.analyzer
[2026-01-07 17:47:14] [INFO] [app.core.startup] Router included: app.modules.exams.routers.exams
[2026-01-07 17:47:14] [INFO] [app.core.startup] Router included: app.modules.exams.routers.upload
[2026-01-07 17:47:14] [INFO] [app.core.startup] ðŸŽ‰ Startup complete!
[2026-01-07 17:51:15] [INFO] [app.core.startup] Router included: app.modules.auth.routers.auth_router
[2026-01-07 17:51:15] [INFO] [app.core.startup] Router included: app.modules.exams.routers.analyzer
[2026-01-07 17:51:15] [INFO] [app.core.startup] Router included: app.modules.exams.routers.exams
[2026-01-07 17:51:15] [INFO] [app.core.startup] Router included: app.modules.exams.routers.upload
[2026-01-07 17:51:15] [INFO] [app.core.startup] ðŸŽ‰ Startup complete!
[2026-01-07 17:52:56] [INFO] [app.core.startup] Router included: app.modules.auth.routers.auth_router
[2026-01-07 17:52:56] [INFO] [app.core.startup] Router included: app.modules.exams.routers.analyzer
[2026-01-07 17:52:56] [INFO] [app.core.startup] Router included: app.modules.exams.routers.exams
[2026-01-07 17:52:56] [INFO] [app.core.startup] Router included: app.modules.exams.routers.upload
[2026-01-07 17:52:56] [INFO] [app.core.startup] ðŸŽ‰ Startup complete!
[2026-01-07 17:54:24] [INFO] [app.core.startup] Router included: app.modules.auth.routers.auth_router
[2026-01-07 17:54:24] [INFO] [app.core.startup] Router included: app.modules.exams.routers.analyzer
[2026-01-07 17:54:24] [INFO] [app.core.startup] Router included: app.modules.exams.routers.exams
[2026-01-07 17:54:24] [ERROR] [app.core.startup] Failed to include router app.modules.exams.routers.upload: cannot import name 'LocalJSONWriter' from 'app.database.json_writer' (D:\AI_career_studio_backend\exam_app\app\database\json_writer.py)
[2026-01-07 17:54:24] [INFO] [app.core.startup] ðŸŽ‰ Startup complete!
[2026-01-07 17:56:08] [INFO] [app.core.startup] Router included: app.modules.auth.routers.auth_router
[2026-01-07 17:56:08] [INFO] [app.core.startup] Router included: app.modules.exams.routers.analyzer
[2026-01-07 17:56:08] [INFO] [app.core.startup] Router included: app.modules.exams.routers.exams
[2026-01-07 17:56:08] [INFO] [app.core.startup] Router included: app.modules.exams.routers.upload
[2026-01-07 17:56:08] [INFO] [app.core.startup] ðŸŽ‰ Startup complete!
[2026-01-07 17:58:59] [INFO] [app.core.startup] Router included: app.modules.auth.routers.auth_router
[2026-01-07 17:58:59] [INFO] [app.core.startup] Router included: app.modules.exams.routers.analyzer
[2026-01-07 17:58:59] [INFO] [app.core.startup] Router included: app.modules.exams.routers.exams
[2026-01-07 17:58:59] [INFO] [app.core.startup] Router included: app.modules.exams.routers.upload
[2026-01-07 17:58:59] [INFO] [app.core.startup] ðŸŽ‰ Startup complete!
[2026-01-07 17:59:35] [INFO] [app.core.startup] Router included: app.modules.auth.routers.auth_router
[2026-01-07 17:59:35] [INFO] [app.core.startup] Router included: app.modules.exams.routers.analyzer
[2026-01-07 17:59:35] [INFO] [app.core.startup] Router included: app.modules.exams.routers.exams
[2026-01-07 17:59:35] [INFO] [app.core.startup] Router included: app.modules.exams.routers.upload
[2026-01-07 17:59:35] [INFO] [app.core.startup] ðŸŽ‰ Startup complete!
[2026-01-07 18:02:56] [INFO] [app.core.startup] Router included: app.modules.auth.routers.auth_router
[2026-01-07 18:02:56] [INFO] [app.core.startup] Router included: app.modules.exams.routers.analyzer
[2026-01-07 18:02:56] [INFO] [app.core.startup] Router included: app.modules.exams.routers.exams
[2026-01-07 18:02:56] [INFO] [app.core.startup] Router included: app.modules.exams.routers.upload
[2026-01-07 18:02:56] [INFO] [app.core.startup] ðŸŽ‰ Startup complete!
[2026-01-07 18:07:04] [INFO] [app.core.startup] Router included: app.modules.auth.routers.auth_router
[2026-01-07 18:07:04] [INFO] [app.core.startup] Router included: app.modules.exams.routers.analyzer
[2026-01-07 18:07:04] [INFO] [app.core.startup] Router included: app.modules.exams.routers.exams
[2026-01-07 18:07:04] [INFO] [app.core.startup] Router included: app.modules.exams.routers.upload
[2026-01-07 18:07:04] [INFO] [app.core.startup] ðŸŽ‰ Startup complete!
